{"total": {"lines":{"total":46,"covered":31,"skipped":0,"pct":67.39},"statements":{"total":46,"covered":31,"skipped":0,"pct":67.39},"functions":{"total":3,"covered":0,"skipped":0,"pct":0},"branches":{"total":8,"covered":2,"skipped":0,"pct":25},"branchesTrue":{"total":0,"covered":0,"skipped":0,"pct":100}}
,"/Users/simonxiong/Desktop/Github Projects/clutch-weather-app/index.js": {"lines":{"total":13,"covered":13,"skipped":0,"pct":100},"functions":{"total":0,"covered":0,"skipped":0,"pct":100},"statements":{"total":13,"covered":13,"skipped":0,"pct":100},"branches":{"total":2,"covered":2,"skipped":0,"pct":100}}
,"/Users/simonxiong/Desktop/Github Projects/clutch-weather-app/proxy-server/middleware/error.js": {"lines":{"total":5,"covered":2,"skipped":0,"pct":40},"functions":{"total":1,"covered":0,"skipped":0,"pct":0},"statements":{"total":5,"covered":2,"skipped":0,"pct":40},"branches":{"total":6,"covered":0,"skipped":0,"pct":0}}
,"/Users/simonxiong/Desktop/Github Projects/clutch-weather-app/proxy-server/routes/onecall.js": {"lines":{"total":14,"covered":8,"skipped":0,"pct":57.14},"functions":{"total":1,"covered":0,"skipped":0,"pct":0},"statements":{"total":14,"covered":8,"skipped":0,"pct":57.14},"branches":{"total":0,"covered":0,"skipped":0,"pct":100}}
,"/Users/simonxiong/Desktop/Github Projects/clutch-weather-app/proxy-server/routes/weather.js": {"lines":{"total":14,"covered":8,"skipped":0,"pct":57.14},"functions":{"total":1,"covered":0,"skipped":0,"pct":0},"statements":{"total":14,"covered":8,"skipped":0,"pct":57.14},"branches":{"total":0,"covered":0,"skipped":0,"pct":100}}
}
